This is pdfTeX, Version 3.1415926-2.4-1.40.13 (TeX Live 2012/Debian) (format=pdflatex 2015.2.9)  12 JUL 2016 19:16
entering extended mode
 restricted \write18 enabled.
 %&-line parsing enabled.
**"Astrometric observation of the main uranian satellites using the 26-inch ref
ractor in Pulkovo Observatory in 2007-2016.tex"

(./Astrometric observation of the main uranian satellites using the 26-inch ref
ractor in Pulkovo Observatory in 2007-2016.tex
LaTeX2e <2011/06/27>
Babel <v3.8m> and hyphenation patterns for english, dumylang, nohyphenation, bu
lgarian, ukrainian, russian, loaded.
(/usr/share/texlive/texmf-dist/tex/latex/base/article.cls
Document Class: article 2007/10/19 v1.4h Standard LaTeX document class
(/usr/share/texlive/texmf-dist/tex/latex/base/size10.clo
File: size10.clo 2007/10/19 v1.4h Standard LaTeX file (size option)
)
\c@part=\count79
\c@section=\count80
\c@subsection=\count81
\c@subsubsection=\count82
\c@paragraph=\count83
\c@subparagraph=\count84
\c@figure=\count85
\c@table=\count86
\abovecaptionskip=\skip41
\belowcaptionskip=\skip42
\bibindent=\dimen102
)
(/usr/share/texlive/texmf-dist/tex/latex/base/inputenc.sty
Package: inputenc 2008/03/30 v1.1d Input encoding file
\inpenc@prehook=\toks14
\inpenc@posthook=\toks15

(/usr/share/texlive/texmf-dist/tex/latex/cyrillic/koi8-r.def
File: koi8-r.def 1999/11/16 v1.0d Input encoding file
))
(/usr/share/texlive/texmf-dist/tex/latex/geometry/geometry.sty
Package: geometry 2010/09/12 v5.6 Page Geometry

(/usr/share/texlive/texmf-dist/tex/latex/graphics/keyval.sty
Package: keyval 1999/03/16 v1.13 key=value parser (DPC)
\KV@toks@=\toks16
)
(/usr/share/texlive/texmf-dist/tex/generic/oberdiek/ifpdf.sty
Package: ifpdf 2011/01/30 v2.3 Provides the ifpdf switch (HO)
Package ifpdf Info: pdfTeX in PDF mode is detected.
)
(/usr/share/texlive/texmf-dist/tex/generic/oberdiek/ifvtex.sty
Package: ifvtex 2010/03/01 v1.5 Detect VTeX and its facilities (HO)
Package ifvtex Info: VTeX not detected.
)
(/usr/share/texlive/texmf-dist/tex/generic/ifxetex/ifxetex.sty
Package: ifxetex 2010/09/12 v0.6 Provides ifxetex conditional
)
\Gm@cnth=\count87
\Gm@cntv=\count88
\c@Gm@tempcnt=\count89
\Gm@bindingoffset=\dimen103
\Gm@wd@mp=\dimen104
\Gm@odd@mp=\dimen105
\Gm@even@mp=\dimen106
\Gm@layoutwidth=\dimen107
\Gm@layoutheight=\dimen108
\Gm@layouthoffset=\dimen109
\Gm@layoutvoffset=\dimen110
\Gm@dimlist=\toks17
)
(/usr/share/texlive/texmf-dist/tex/latex/graphics/graphicx.sty
Package: graphicx 1999/02/16 v1.0f Enhanced LaTeX Graphics (DPC,SPQR)

(/usr/share/texlive/texmf-dist/tex/latex/graphics/graphics.sty
Package: graphics 2009/02/05 v1.0o Standard LaTeX Graphics (DPC,SPQR)

(/usr/share/texlive/texmf-dist/tex/latex/graphics/trig.sty
Package: trig 1999/03/16 v1.09 sin cos tan (DPC)
)
(/usr/share/texlive/texmf-dist/tex/latex/latexconfig/graphics.cfg
File: graphics.cfg 2010/04/23 v1.9 graphics configuration of TeX Live
)
Package graphics Info: Driver file: pdftex.def on input line 91.

(/usr/share/texlive/texmf-dist/tex/latex/pdftex-def/pdftex.def
File: pdftex.def 2011/05/27 v0.06d Graphics/color for pdfTeX

(/usr/share/texlive/texmf-dist/tex/generic/oberdiek/infwarerr.sty
Package: infwarerr 2010/04/08 v1.3 Providing info/warning/error messages (HO)
)
(/usr/share/texlive/texmf-dist/tex/generic/oberdiek/ltxcmds.sty
Package: ltxcmds 2011/11/09 v1.22 LaTeX kernel commands for general use (HO)
)
\Gread@gobject=\count90
))
\Gin@req@height=\dimen111
\Gin@req@width=\dimen112
)
(/usr/share/texlive/texmf-dist/tex/latex/wrapfig/wrapfig.sty
\wrapoverhang=\dimen113
\WF@size=\dimen114
\c@WF@wrappedlines=\count91
\WF@box=\box26
\WF@everypar=\toks18
Package: wrapfig 2003/01/31  v 3.6
)
(./Astrometric observation of the main uranian satellites using the 26-inch ref
ractor in Pulkovo Observatory in 2007-2016.aux)
\openout1 = `"Astrometric observation of the main uranian satellites using the 
26-inch refractor in Pulkovo Observatory in 2007-2016.aux"'.

LaTeX Font Info:    Checking defaults for OML/cmm/m/it on input line 15.
LaTeX Font Info:    ... okay on input line 15.
LaTeX Font Info:    Checking defaults for T1/cmr/m/n on input line 15.
LaTeX Font Info:    ... okay on input line 15.
LaTeX Font Info:    Checking defaults for OT1/cmr/m/n on input line 15.
LaTeX Font Info:    ... okay on input line 15.
LaTeX Font Info:    Checking defaults for OMS/cmsy/m/n on input line 15.
LaTeX Font Info:    ... okay on input line 15.
LaTeX Font Info:    Checking defaults for OMX/cmex/m/n on input line 15.
LaTeX Font Info:    ... okay on input line 15.
LaTeX Font Info:    Checking defaults for U/cmr/m/n on input line 15.
LaTeX Font Info:    ... okay on input line 15.

*geometry* driver: auto-detecting
*geometry* detected driver: pdftex
*geometry* verbose mode - [ preamble ] result:
* driver: pdftex
* paper: <default>
* layout: <same size as paper>
* layoutoffset:(h,v)=(0.0pt,0.0pt)
* modes: 
* h-part:(L,W,R)=(71.13188pt, 472.03123pt, 71.13188pt)
* v-part:(T,H,B)=(56.9055pt, 681.15898pt, 56.9055pt)
* \paperwidth=614.295pt
* \paperheight=794.96999pt
* \textwidth=472.03123pt
* \textheight=681.15898pt
* \oddsidemargin=-1.1381pt
* \evensidemargin=-1.1381pt
* \topmargin=-52.36449pt
* \headheight=12.0pt
* \headsep=25.0pt
* \topskip=10.0pt
* \footskip=30.0pt
* \marginparwidth=65.0pt
* \marginparsep=11.0pt
* \columnsep=10.0pt
* \skip\footins=9.0pt plus 4.0pt minus 2.0pt
* \hoffset=0.0pt
* \voffset=0.0pt
* \mag=1000
* \@twocolumnfalse
* \@twosidefalse
* \@mparswitchfalse
* \@reversemarginfalse
* (1in=72.27pt=25.4mm, 1cm=28.453pt)

(/usr/share/texlive/texmf-dist/tex/context/base/supp-pdf.mkii
[Loading MPS to PDF converter (version 2006.09.02).]
\scratchcounter=\count92
\scratchdimen=\dimen115
\scratchbox=\box27
\nofMPsegments=\count93
\nofMParguments=\count94
\everyMPshowfont=\toks19
\MPscratchCnt=\count95
\MPscratchDim=\dimen116
\MPnumerator=\count96
\makeMPintoPDFobject=\count97
\everyMPtoPDFconversion=\toks20
) (/usr/share/texlive/texmf-dist/tex/generic/oberdiek/pdftexcmds.sty
Package: pdftexcmds 2011/11/29 v0.20 Utility functions of pdfTeX for LuaTeX (HO
)

(/usr/share/texlive/texmf-dist/tex/generic/oberdiek/ifluatex.sty
Package: ifluatex 2010/03/01 v1.3 Provides the ifluatex switch (HO)
Package ifluatex Info: LuaTeX not detected.
)
Package pdftexcmds Info: LuaTeX not detected.
Package pdftexcmds Info: \pdf@primitive is available.
Package pdftexcmds Info: \pdf@ifprimitive is available.
Package pdftexcmds Info: \pdfdraftmode found.
)
(/usr/share/texlive/texmf-dist/tex/latex/oberdiek/epstopdf-base.sty
Package: epstopdf-base 2010/02/09 v2.5 Base part for package epstopdf

(/usr/share/texlive/texmf-dist/tex/latex/oberdiek/grfext.sty
Package: grfext 2010/08/19 v1.1 Manage graphics extensions (HO)

(/usr/share/texlive/texmf-dist/tex/generic/oberdiek/kvdefinekeys.sty
Package: kvdefinekeys 2011/04/07 v1.3 Define keys (HO)
))
(/usr/share/texlive/texmf-dist/tex/latex/oberdiek/kvoptions.sty
Package: kvoptions 2011/06/30 v3.11 Key value format for package options (HO)

(/usr/share/texlive/texmf-dist/tex/generic/oberdiek/kvsetkeys.sty
Package: kvsetkeys 2012/04/25 v1.16 Key value parser (HO)

(/usr/share/texlive/texmf-dist/tex/generic/oberdiek/etexcmds.sty
Package: etexcmds 2011/02/16 v1.5 Avoid name clashes with e-TeX commands (HO)
Package etexcmds Info: Could not find \expanded.
(etexcmds)             That can mean that you are not using pdfTeX 1.50 or
(etexcmds)             that some package has redefined \expanded.
(etexcmds)             In the latter case, load this package earlier.
)))
Package grfext Info: Graphics extension search list:
(grfext)             [.png,.eps]
(grfext)             \AppendGraphicsExtensions on input line 452.

(/usr/share/texlive/texmf-dist/tex/latex/latexconfig/epstopdf-sys.cfg
File: epstopdf-sys.cfg 2010/07/13 v1.3 Configuration of (r)epstopdf for TeX Liv
e
))
LaTeX Font Info:    External font `cmex10' loaded for size
(Font)              <12> on input line 17.
LaTeX Font Info:    External font `cmex10' loaded for size
(Font)              <8> on input line 17.
LaTeX Font Info:    External font `cmex10' loaded for size
(Font)              <6> on input line 17.
LaTeX Font Info:    External font `cmex10' loaded for size
(Font)              <9> on input line 20.
LaTeX Font Info:    External font `cmex10' loaded for size
(Font)              <5> on input line 20.
LaTeX Font Info:    External font `cmex10' loaded for size
(Font)              <7> on input line 33.

[1

{/var/lib/texmf/fonts/map/pdftex/updmap/pdftex.map}]

! LaTeX Error: There's no line here to end.

See the LaTeX manual or LaTeX Companion for explanation.
Type  H <return>  for immediate help.
 ...                                              
                                                  
l.54 $
      I(x,y)$ -- brightness in the pixel which coordinates are ($x$, $y$)\par
Your command was ignored.
Type  I <command> <return>  to replace it with another command,
or  <return>  to continue without it.


Underfull \hbox (badness 10000) in paragraph at lines 68--71

 []

<../images/K.png, id=16, 903.375pt x 451.6875pt>
File: ../images/K.png Graphic file (type png)
 <use ../images/K.png>
Package pdftex.def Info: ../images/K.png used on input line 112.
(pdftex.def)             Requested size: 188.8096pt x 94.40228pt.
 [2]
[3 <../images/K.png>]
<../images/Ariel_Lainey_RA.png, id=30, 903.375pt x 301.125pt>
File: ../images/Ariel_Lainey_RA.png Graphic file (type png)

<use ../images/Ariel_Lainey_RA.png>
Package pdftex.def Info: ../images/Ariel_Lainey_RA.png used on input line 143.
(pdftex.def)             Requested size: 231.2979pt x 77.096pt.

<../images/Umbriel_Lainey_RA.png, id=31, 903.375pt x 301.125pt>
File: ../images/Umbriel_Lainey_RA.png Graphic file (type png)

<use ../images/Umbriel_Lainey_RA.png>
Package pdftex.def Info: ../images/Umbriel_Lainey_RA.png used on input line 146
.
(pdftex.def)             Requested size: 231.2979pt x 77.096pt.

<../images/Ariel_Lainey_DEC.png, id=32, 903.375pt x 301.125pt>
File: ../images/Ariel_Lainey_DEC.png Graphic file (type png)

<use ../images/Ariel_Lainey_DEC.png>
Package pdftex.def Info: ../images/Ariel_Lainey_DEC.png used on input line 151.

(pdftex.def)             Requested size: 231.2979pt x 77.096pt.

<../images/Umbriel_Lainey_DEC.png, id=33, 903.375pt x 301.125pt>
File: ../images/Umbriel_Lainey_DEC.png Graphic file (type png)

<use ../images/Umbriel_Lainey_DEC.png>
Package pdftex.def Info: ../images/Umbriel_Lainey_DEC.png used on input line 15
4.
(pdftex.def)             Requested size: 231.2979pt x 77.096pt.

<../images/Titania_Lainey_RA.png, id=34, 903.375pt x 301.125pt>
File: ../images/Titania_Lainey_RA.png Graphic file (type png)

<use ../images/Titania_Lainey_RA.png>
Package pdftex.def Info: ../images/Titania_Lainey_RA.png used on input line 161
.
(pdftex.def)             Requested size: 231.2979pt x 77.096pt.

<../images/Oberon_Lainey_RA.png, id=35, 903.375pt x 301.125pt>
File: ../images/Oberon_Lainey_RA.png Graphic file (type png)

<use ../images/Oberon_Lainey_RA.png>
Package pdftex.def Info: ../images/Oberon_Lainey_RA.png used on input line 164.

(pdftex.def)             Requested size: 231.2979pt x 77.096pt.

<../images/Titania_Lainey_DEC.png, id=36, 903.375pt x 301.125pt>
File: ../images/Titania_Lainey_DEC.png Graphic file (type png)

<use ../images/Titania_Lainey_DEC.png>
Package pdftex.def Info: ../images/Titania_Lainey_DEC.png used on input line 16
9.
(pdftex.def)             Requested size: 231.2979pt x 77.096pt.

<../images/Oberon_Lainey_DEC.png, id=37, 903.375pt x 301.125pt>
File: ../images/Oberon_Lainey_DEC.png Graphic file (type png)

<use ../images/Oberon_Lainey_DEC.png>
Package pdftex.def Info: ../images/Oberon_Lainey_DEC.png used on input line 172
.
(pdftex.def)             Requested size: 231.2979pt x 77.096pt.

<../images/Uranus_oc_ra.png, id=38, 903.375pt x 301.125pt>
File: ../images/Uranus_oc_ra.png Graphic file (type png)

<use ../images/Uranus_oc_ra.png>
Package pdftex.def Info: ../images/Uranus_oc_ra.png used on input line 179.
(pdftex.def)             Requested size: 231.2979pt x 77.096pt.

<../images/Uranus_oc_de.png, id=39, 903.375pt x 301.125pt>
File: ../images/Uranus_oc_de.png Graphic file (type png)

<use ../images/Uranus_oc_de.png>
Package pdftex.def Info: ../images/Uranus_oc_de.png used on input line 182.
(pdftex.def)             Requested size: 231.2979pt x 77.096pt.
 [4 <../images/Ariel_Lainey_RA.png> <../images/Umbriel_Lainey_RA.png> <../image
s/Ariel_Lainey_DEC.png> <../images/Umbriel_Lainey_DEC.png> <../images/Titania_L
ainey_RA.png> <../images/Oberon_Lainey_RA.png> <../images/Titania_Lainey_DEC.pn
g> <../images/Oberon_Lainey_DEC.png> <../images/Uranus_oc_ra.png> <../images/Ur
anus_oc_de.png>] [5]
(./Astrometric observation of the main uranian satellites using the 26-inch ref
ractor in Pulkovo Observatory in 2007-2016.aux) ) 
Here is how much of TeX's memory you used:
 2207 strings out of 494816
 32775 string characters out of 3177879
 99685 words of memory out of 3000000
 5371 multiletter control sequences out of 15000+200000
 8500 words of font info for 30 fonts, out of 3000000 for 9000
 198 hyphenation exceptions out of 8191
 37i,8n,23p,944b,276s stack positions out of 5000i,500n,10000p,200000b,50000s
</usr/share/texlive/texmf-dist
/fonts/type1/public/amsfonts/cm/cmbx12.pfb></usr/share/texlive/texmf-dist/fonts
/type1/public/amsfonts/cm/cmbx9.pfb></usr/share/texlive/texmf-dist/fonts/type1/
public/amsfonts/cm/cmex10.pfb></usr/share/texlive/texmf-dist/fonts/type1/public
/amsfonts/cm/cmmi10.pfb></usr/share/texlive/texmf-dist/fonts/type1/public/amsfo
nts/cm/cmmi5.pfb></usr/share/texlive/texmf-dist/fonts/type1/public/amsfonts/cm/
cmmi7.pfb></usr/share/texlive/texmf-dist/fonts/type1/public/amsfonts/cm/cmmi9.p
fb></usr/share/texlive/texmf-dist/fonts/type1/public/amsfonts/cm/cmr10.pfb></us
r/share/texlive/texmf-dist/fonts/type1/public/amsfonts/cm/cmr12.pfb></usr/share
/texlive/texmf-dist/fonts/type1/public/amsfonts/cm/cmr17.pfb></usr/share/texliv
e/texmf-dist/fonts/type1/public/amsfonts/cm/cmr5.pfb></usr/share/texlive/texmf-
dist/fonts/type1/public/amsfonts/cm/cmr7.pfb></usr/share/texlive/texmf-dist/fon
ts/type1/public/amsfonts/cm/cmr8.pfb></usr/share/texlive/texmf-dist/fonts/type1
/public/amsfonts/cm/cmr9.pfb></usr/share/texlive/texmf-dist/fonts/type1/public/
amsfonts/cm/cmsy10.pfb></usr/share/texlive/texmf-dist/fonts/type1/public/amsfon
ts/cm/cmsy7.pfb>
Output written on "Astrometric observation of the main uranian satellites using
 the 26-inch refractor in Pulkovo Observatory in 2007-2016.pdf" (5 pages, 29340
5 bytes).
PDF statistics:
 106 PDF objects out of 1000 (max. 8388607)
 60 compressed objects within 1 object stream
 0 named destinations out of 1000 (max. 500000)
 56 words of extra memory for PDF output out of 10000 (max. 10000000)

